<?xml version="1.0" encoding="UTF-8"?>
<!-- Generated by org.testng.reporters.JUnitXMLReporter -->
<testsuite ignored="1" hostname="LAPTOP-09E441IO" failures="0" tests="2" name="Default test" time="12.319" errors="0" timestamp="2024-06-20T23:02:13 IST">
  <testcase classname="testCases.LoginPage_Test" name="loginToApplication" time="2.411"/>
  <testcase classname="testCases.LoginPage_Test" name="verifyURLOfApplication" time="0.075"/>
  <testcase classname="testCases.LoginPage_Test" name="verifyTitleOfApplication" time="0.0">
    <ignored/>
  </testcase> <!-- verifyTitleOfApplication -->
</testsuite> <!-- Default test -->
