<?xml version="1.0" encoding="UTF-8"?>
<!-- Generated by org.testng.reporters.JUnitXMLReporter -->
<testsuite ignored="2" hostname="LAPTOP-09E441IO" failures="0" tests="1" name="Test(failed)(failed)" time="6.52" errors="0" timestamp="2024-06-13T07:08:13 IST">
  <testcase classname="testCases.LoginPage_Test" name="verifyTitleOfApplication" time="1.827"/>
  <testcase classname="testCases.LoginPage_Test" name="verifyURLOfApplication" time="0.0">
    <ignored/>
  </testcase> <!-- verifyURLOfApplication -->
  <testcase classname="testCases.LoginPage_Test" name="loginToApplication" time="0.0">
    <ignored/>
  </testcase> <!-- loginToApplication -->
</testsuite> <!-- Test(failed)(failed) -->
