<?xml version="1.0" encoding="UTF-8"?>
<!-- Generated by org.testng.reporters.JUnitXMLReporter -->
<testsuite ignored="2" hostname="LAPTOP-09E441IO" failures="1" tests="1" name="Test(failed)" time="8.262" errors="0" timestamp="2024-06-13T07:07:16 IST">
  <testcase classname="testCases.LoginPage_Test" name="verifyTitleOfApplication" time="2.017">
    <failure type="java.lang.AssertionError" message="expected [Swag Labs] but found [Sauce Labs Backpack]">
      <![CDATA[java.lang.AssertionError: expected [Swag Labs] but found [Sauce Labs Backpack]
at testCases.LoginPage_Test.verifyTitleOfApplication(LoginPage_Test.java:34)
at java.base/java.util.ArrayList.forEach(ArrayList.java:1511)
... Removed 33 stack frames]]>
    </failure>
  </testcase> <!-- verifyTitleOfApplication -->
  <testcase classname="testCases.LoginPage_Test" name="verifyURLOfApplication" time="0.0">
    <ignored/>
  </testcase> <!-- verifyURLOfApplication -->
  <testcase classname="testCases.LoginPage_Test" name="loginToApplication" time="0.0">
    <ignored/>
  </testcase> <!-- loginToApplication -->
</testsuite> <!-- Test(failed) -->
