<?xml version="1.0" encoding="UTF-8"?>
<testng-results ignored="1" total="3" passed="2" failed="0" skipped="0">
  <reporter-output>
  </reporter-output>
  <suite started-at="2024-06-20T23:02:01 IST" name="Default suite" finished-at="2024-06-20T23:02:13 IST" duration-ms="12319">
    <groups>
    </groups>
    <test started-at="2024-06-20T23:02:01 IST" name="Default test" finished-at="2024-06-20T23:02:13 IST" duration-ms="12319">
      <class name="testCases.LoginPage_Test">
        <test-method is-config="true" signature="setUp()[pri:0, instance:testCases.LoginPage_Test@cb0755b]" started-at="2024-06-20T23:02:01 IST" name="setUp" finished-at="2024-06-20T23:02:07 IST" duration-ms="5800" status="PASS">
          <reporter-output>
          </reporter-output>
        </test-method> <!-- setUp -->
        <test-method signature="loginToApplication()[pri:0, instance:testCases.LoginPage_Test@cb0755b]" started-at="2024-06-20T23:02:07 IST" name="loginToApplication" finished-at="2024-06-20T23:02:09 IST" duration-ms="2411" status="PASS">
          <reporter-output>
          </reporter-output>
        </test-method> <!-- loginToApplication -->
        <test-method is-config="true" signature="closeBrowser(org.testng.ITestResult)[pri:0, instance:testCases.LoginPage_Test@cb0755b]" started-at="2024-06-20T23:02:09 IST" name="closeBrowser" finished-at="2024-06-20T23:02:09 IST" duration-ms="178" status="PASS">
          <params>
            <param index="0">
              <value>
                <![CDATA[[TestResult name=loginToApplication status=SUCCESS method=LoginPage_Test.loginToApplication()[pri:0, instance:testCases.LoginPage_Test@cb0755b] output={null}]]]>
              </value>
            </param>
          </params>
          <reporter-output>
          </reporter-output>
        </test-method> <!-- closeBrowser -->
        <test-method is-config="true" signature="setUp()[pri:0, instance:testCases.LoginPage_Test@cb0755b]" started-at="2024-06-20T23:02:09 IST" name="setUp" finished-at="2024-06-20T23:02:13 IST" duration-ms="3686" status="PASS">
          <reporter-output>
          </reporter-output>
        </test-method> <!-- setUp -->
        <test-method signature="verifyURLOfApplication()[pri:0, instance:testCases.LoginPage_Test@cb0755b]" started-at="2024-06-20T23:02:13 IST" name="verifyURLOfApplication" finished-at="2024-06-20T23:02:13 IST" duration-ms="75" status="PASS">
          <reporter-output>
          </reporter-output>
        </test-method> <!-- verifyURLOfApplication -->
        <test-method is-config="true" signature="closeBrowser(org.testng.ITestResult)[pri:0, instance:testCases.LoginPage_Test@cb0755b]" started-at="2024-06-20T23:02:13 IST" name="closeBrowser" finished-at="2024-06-20T23:02:13 IST" duration-ms="101" status="PASS">
          <params>
            <param index="0">
              <value>
                <![CDATA[[TestResult name=verifyURLOfApplication status=SUCCESS method=LoginPage_Test.verifyURLOfApplication()[pri:0, instance:testCases.LoginPage_Test@cb0755b] output={null}]]]>
              </value>
            </param>
          </params>
          <reporter-output>
          </reporter-output>
        </test-method> <!-- closeBrowser -->
      </class> <!-- testCases.LoginPage_Test -->
    </test> <!-- Default test -->
  </suite> <!-- Default suite -->
</testng-results>
