<?xml version="1.0" encoding="UTF-8"?>
<!-- Generated by org.testng.reporters.JUnitXMLReporter -->
<testsuite ignored="30" hostname="LAPTOP-09E441IO" failures="0" tests="11" name="GroupTest" time="84.527" errors="0" timestamp="2024-06-20T19:53:29 IST">
  <testcase classname="testCases.CheckOut_Step_One_Page_Test" name="clickOnCancelBtnTest" time="2.138"/>
  <testcase classname="testCases.CheckOut_Step_One_Page_Test" name="inputInformationTest" time="0.518"/>
  <testcase classname="testCases.LoginPage_Test" name="loginToApplication" time="0.466"/>
  <testcase classname="testCases.LoginPage_Test" name="verifyURLOfApplication" time="0.043"/>
  <testcase classname="testCases.Checkout_Step_Two_Test" name="verifyCartQtyLabelTest" time="0.049"/>
  <testcase classname="testCases.Checkout_Step_Two_Test" name="verifyPaymentInfoLabelTest" time="0.041"/>
  <testcase classname="testCases.Checkout_Step_Two_Test" name="verifySubTotalLabelTest" time="0.067"/>
  <testcase classname="testCases.Inventory_Page_Test" name="add6ProductsTest" time="2.646"/>
  <testcase classname="testCases.Inventory_Page_Test" name="verifyBackPackDescTest" time="0.081"/>
  <testcase classname="testCases.Inventory_Page_Test" name="verifyLinkedInLogoTest" time="0.054"/>
  <testcase classname="testCases.Inventory_Page_Test" name="verifyTwitterLogoTest" time="0.048"/>
  <testcase classname="testCases.Checkout_Step_Two_Test" name="verifyShippingValueLabelTest" time="0.0">
    <ignored/>
  </testcase> <!-- verifyShippingValueLabelTest -->
  <testcase classname="testCases.Inventory_Page_Test" name="remove2ProductsTest" time="0.0">
    <ignored/>
  </testcase> <!-- remove2ProductsTest -->
  <testcase classname="testCases.Cart_Page_Test" name="verifyCartTitleTest" time="0.0">
    <ignored/>
  </testcase> <!-- verifyCartTitleTest -->
  <testcase classname="testCases.Checkout_Complete_Page_Test" name="clickOnBackToHomeBtnTest" time="0.0">
    <ignored/>
  </testcase> <!-- clickOnBackToHomeBtnTest -->
  <testcase classname="testCases.VerifyMultiCredsTest" name="verifyMultiCredentials" time="0.0">
    <ignored/>
  </testcase> <!-- verifyMultiCredentials -->
  <testcase classname="testCases.Inventory_Page_Test" name="verifyCopyrightTest" time="0.0">
    <ignored/>
  </testcase> <!-- verifyCopyrightTest -->
  <testcase classname="testCases.Inventory_Page_Test" name="verifyBackPackPriceTest" time="0.0">
    <ignored/>
  </testcase> <!-- verifyBackPackPriceTest -->
  <testcase classname="testCases.Checkout_Step_Two_Test" name="verifyTaxLabelTest" time="0.0">
    <ignored/>
  </testcase> <!-- verifyTaxLabelTest -->
  <testcase classname="testCases.Cart_Page_Test" name="clickOnCheckoutBtnTest" time="0.0">
    <ignored/>
  </testcase> <!-- clickOnCheckoutBtnTest -->
  <testcase classname="testCases.Inventory_Page_Test" name="verifyBackPackNameTest" time="0.0">
    <ignored/>
  </testcase> <!-- verifyBackPackNameTest -->
  <testcase classname="testCases.Cart_Page_Test" name="verifyCartPageURLTest" time="0.0">
    <ignored/>
  </testcase> <!-- verifyCartPageURLTest -->
  <testcase classname="testCases.Checkout_Step_Two_Test" name="verifyPageTitleTest" time="0.0">
    <ignored/>
  </testcase> <!-- verifyPageTitleTest -->
  <testcase classname="testCases.Cart_Page_Test" name="verifyCartQtyTest" time="0.0">
    <ignored/>
  </testcase> <!-- verifyCartQtyTest -->
  <testcase classname="testCases.Checkout_Step_Two_Test" name="clickOnFinishBtnTest" time="0.0">
    <ignored/>
  </testcase> <!-- clickOnFinishBtnTest -->
  <testcase classname="testCases.Checkout_Step_Two_Test" name="verifyPaymentValueLabelTest" time="0.0">
    <ignored/>
  </testcase> <!-- verifyPaymentValueLabelTest -->
  <testcase classname="testCases.Checkout_Complete_Page_Test" name="verifyThankYouHeaderTest" time="0.0">
    <ignored/>
  </testcase> <!-- verifyThankYouHeaderTest -->
  <testcase classname="testCases.Checkout_Complete_Page_Test" name="verifyPonyExpressImgTest" time="0.0">
    <ignored/>
  </testcase> <!-- verifyPonyExpressImgTest -->
  <testcase classname="testCases.Inventory_Page_Test" name="verifyPageTitleTest" time="0.0">
    <ignored/>
  </testcase> <!-- verifyPageTitleTest -->
  <testcase classname="testCases.Checkout_Step_Two_Test" name="verifyPriceTotalLabelTest" time="0.0">
    <ignored/>
  </testcase> <!-- verifyPriceTotalLabelTest -->
  <testcase classname="testCases.Checkout_Step_Two_Test" name="verifyBackImgTest" time="0.0">
    <ignored/>
  </testcase> <!-- verifyBackImgTest -->
  <testcase classname="testCases.Cart_Page_Test" name="verifyCartDescTest" time="0.0">
    <ignored/>
  </testcase> <!-- verifyCartDescTest -->
  <testcase classname="testCases.LoginPage_Test" name="verifyTitleOfApplication" time="0.0">
    <ignored/>
  </testcase> <!-- verifyTitleOfApplication -->
  <testcase classname="testCases.Checkout_Step_Two_Test" name="verifyShippingInfoLAbelTest" time="0.0">
    <ignored/>
  </testcase> <!-- verifyShippingInfoLAbelTest -->
  <testcase classname="testCases.Inventory_Page_Test" name="verifyFacebookLogoTest" time="0.0">
    <ignored/>
  </testcase> <!-- verifyFacebookLogoTest -->
  <testcase classname="testCases.Checkout_Complete_Page_Test" name="verifyPageTitleTest" time="0.0">
    <ignored/>
  </testcase> <!-- verifyPageTitleTest -->
  <testcase classname="testCases.Checkout_Step_Two_Test" name="clickOnCancelButtonTest" time="0.0">
    <ignored/>
  </testcase> <!-- clickOnCancelButtonTest -->
  <testcase classname="testCases.Cart_Page_Test" name="clickOnContinueShoppingBtnTest" time="0.0">
    <ignored/>
  </testcase> <!-- clickOnContinueShoppingBtnTest -->
  <testcase classname="testCases.Checkout_Step_Two_Test" name="verifyTotalLabelTest" time="0.0">
    <ignored/>
  </testcase> <!-- verifyTotalLabelTest -->
  <testcase classname="testCases.Checkout_Step_Two_Test" name="verifyCartDescLabelTest" time="0.0">
    <ignored/>
  </testcase> <!-- verifyCartDescLabelTest -->
  <testcase classname="testCases.Checkout_Complete_Page_Test" name="verifyCompleteTxtTest" time="0.0">
    <ignored/>
  </testcase> <!-- verifyCompleteTxtTest -->
</testsuite> <!-- GroupTest -->
